0 info it worked if it ends with ok
1 verbose cli [ 'C:\\Program Files\\nodejs\\node.exe',
1 verbose cli   'C:\\Program Files\\nodejs\\node_modules\\npm\\bin\\npm-cli.js',
1 verbose cli   'run',
1 verbose cli   'build' ]
2 info using npm@3.10.10
3 info using node@v6.10.2
4 verbose run-script [ 'prebuild', 'build', 'postbuild' ]
5 info lifecycle 01@~prebuild: 01@
6 silly lifecycle 01@~prebuild: no script for prebuild, continuing
7 info lifecycle 01@~build: 01@
8 verbose lifecycle 01@~build: unsafe-perm in lifecycle true
9 verbose lifecycle 01@~build: PATH: C:\Program Files\nodejs\node_modules\npm\bin\node-gyp-bin;G:\react-redux\自己的\项目界面\node_modules\.bin;C:\Program Files (x86)\Common Files\Intel\Shared Files\cpp\bin\Intel64;C:\Windows\system32;C:\Windows;C:\Windows\System32\Wbem;C:\Windows\System32\WindowsPowerShell\v1.0\;C:\Program Files\Java\jdk1.7.0_45\bin;E:\mysql\bin;C:\Program Files\Microsoft SQL Server\120\Tools\Binn\;E:\apache-ant-1.9.7\bin;C:\Program Files\nodejs\;C:\Program Files\nodejs\node_global\;C:\Program Files (x86)\Microsoft VS Code\bin;C:\Users\Liuyawin\AppData\Roaming\npm
10 verbose lifecycle 01@~build: CWD: G:\react-redux\自己的\项目界面
11 silly lifecycle 01@~build: Args: [ '/d /s /c',
11 silly lifecycle   'webpack --config webpack.config.prod.js --progress --colors --watch -p' ]
12 silly lifecycle 01@~build: Returned: code: 3221225786  signal: null
13 info lifecycle 01@~build: Failed to exec build script
14 verbose stack Error: 01@ build: `webpack --config webpack.config.prod.js --progress --colors --watch -p`
14 verbose stack Exit status 3221225786
14 verbose stack     at EventEmitter.<anonymous> (C:\Program Files\nodejs\node_modules\npm\lib\utils\lifecycle.js:255:16)
14 verbose stack     at emitTwo (events.js:106:13)
14 verbose stack     at EventEmitter.emit (events.js:191:7)
14 verbose stack     at ChildProcess.<anonymous> (C:\Program Files\nodejs\node_modules\npm\lib\utils\spawn.js:40:14)
14 verbose stack     at emitTwo (events.js:106:13)
14 verbose stack     at ChildProcess.emit (events.js:191:7)
14 verbose stack     at maybeClose (internal/child_process.js:886:16)
14 verbose stack     at Process.ChildProcess._handle.onexit (internal/child_process.js:226:5)
15 verbose pkgid 01@
16 verbose cwd G:\react-redux\自己的\项目界面
17 error Windows_NT 6.3.9600
18 error argv "C:\\Program Files\\nodejs\\node.exe" "C:\\Program Files\\nodejs\\node_modules\\npm\\bin\\npm-cli.js" "run" "build"
19 error node v6.10.2
20 error npm  v3.10.10
21 error code ELIFECYCLE
22 error 01@ build: `webpack --config webpack.config.prod.js --progress --colors --watch -p`
22 error Exit status 3221225786
23 error Failed at the 01@ build script 'webpack --config webpack.config.prod.js --progress --colors --watch -p'.
23 error Make sure you have the latest version of node.js and npm installed.
23 error If you do, this is most likely a problem with the 01 package,
23 error not with npm itself.
23 error Tell the author that this fails on your system:
23 error     webpack --config webpack.config.prod.js --progress --colors --watch -p
23 error You can get information on how to open an issue for this project with:
23 error     npm bugs 01
23 error Or if that isn't available, you can get their info via:
23 error     npm owner ls 01
23 error There is likely additional logging output above.
24 verbose exit [ 1, true ]
